SF:lib\app\models\country_codes_model.dart
DA:3,6
DA:5,0
DA:8,1
DA:15,1
DA:16,5
DA:18,0
DA:19,0
DA:20,0
DA:21,0
LF:9
LH:4
end_of_record
SF:lib\app\modules\registration\controllers\registration_controller.dart
DA:35,1
DA:37,1
DA:41,1
DA:44,1
DA:46,1
DA:49,0
DA:52,0
DA:53,0
DA:56,0
DA:57,0
DA:60,1
DA:61,4
DA:64,1
DA:65,4
DA:68,0
DA:69,0
DA:72,0
DA:73,0
DA:74,0
DA:77,1
DA:78,2
DA:79,7
DA:80,7
DA:83,0
DA:85,0
DA:86,0
DA:87,0
DA:88,0
DA:89,0
DA:90,0
DA:92,0
DA:103,0
DA:104,0
DA:105,0
DA:108,0
DA:109,0
DA:110,0
DA:111,0
DA:112,0
DA:113,0
DA:114,0
DA:115,0
DA:116,0
DA:117,0
DA:118,0
DA:119,0
DA:120,0
DA:121,0
DA:122,0
DA:123,0
DA:124,0
DA:125,0
DA:127,0
DA:131,0
DA:132,0
DA:133,0
DA:136,1
DA:137,3
DA:138,1
DA:139,0
DA:140,0
DA:141,1
DA:142,0
DA:143,0
LF:64
LH:17
end_of_record
SF:lib\app\modules\registration\views\registration_view.dart
DA:20,1
DA:22,1
DA:28,1
DA:29,1
DA:34,3
DA:35,1
DA:36,1
DA:41,1
DA:43,3
DA:44,1
DA:45,1
DA:46,1
DA:47,1
DA:48,1
DA:49,1
DA:51,1
DA:54,1
DA:55,1
DA:56,2
DA:61,1
DA:62,1
DA:63,1
DA:65,2
DA:66,1
DA:68,1
DA:69,1
DA:70,1
DA:72,2
DA:75,1
DA:76,1
DA:85,2
DA:86,1
DA:87,1
DA:96,2
DA:97,1
DA:98,1
DA:99,1
DA:100,2
DA:109,2
DA:110,1
DA:114,1
DA:115,1
DA:116,2
DA:117,1
DA:118,2
DA:123,6
DA:127,3
DA:128,2
DA:130,1
DA:131,1
DA:132,2
DA:133,1
DA:134,2
DA:140,3
DA:141,3
DA:143,3
DA:144,2
DA:146,1
DA:147,1
DA:148,1
DA:149,1
DA:150,2
DA:154,3
DA:155,0
DA:156,0
DA:159,1
DA:160,2
DA:164,3
DA:165,0
DA:166,0
DA:171,1
DA:172,1
DA:173,2
DA:175,0
DA:176,3
DA:180,1
DA:181,1
DA:183,1
DA:184,2
DA:185,1
DA:189,1
DA:192,2
LF:82
LH:77
end_of_record
SF:lib\app\utils\string_utils.dart
DA:5,0
DA:6,0
LF:2
LH:0
end_of_record
SF:lib\app\modules\code_verification\controllers\code_verification_controller.dart
DA:8,0
DA:10,0
DA:13,0
DA:15,0
DA:18,0
LF:5
LH:0
end_of_record
SF:lib\app\modules\email_verification\controllers\email_verification_controller.dart
DA:10,0
DA:12,0
DA:15,0
DA:17,0
DA:20,0
DA:22,0
LF:6
LH:0
end_of_record
SF:lib\app\modules\email_verification\views\email_not_received_view.dart
DA:18,1
DA:20,0
DA:22,0
DA:23,0
DA:24,0
DA:25,0
DA:26,0
DA:27,0
DA:28,0
DA:29,0
DA:31,0
DA:33,0
DA:36,0
DA:38,0
DA:41,0
DA:43,0
DA:45,0
DA:47,0
DA:48,0
DA:52,0
DA:54,0
DA:56,0
DA:63,0
LF:23
LH:1
end_of_record
SF:lib\app\utils\colors.dart
DA:5,0
DA:6,0
DA:7,0
DA:8,3
DA:9,0
DA:10,0
DA:16,0
DA:17,0
DA:18,4
DA:19,4
DA:20,4
DA:21,4
DA:22,4
LF:13
LH:6
end_of_record
SF:lib\app\widgets\back_button.dart
DA:14,3
DA:18,1
DA:20,1
DA:22,0
DA:23,1
DA:24,1
DA:25,1
DA:26,1
DA:29,1
DA:31,1
DA:32,1
DA:34,1
DA:36,1
DA:39,1
DA:40,1
DA:42,1
DA:48,1
DA:50,1
DA:53,2
DA:65,0
DA:67,0
DA:69,0
DA:70,0
DA:71,0
DA:77,0
DA:79,0
DA:80,0
DA:82,0
DA:84,0
DA:87,0
DA:88,0
DA:90,0
DA:93,0
DA:99,0
DA:101,0
LF:35
LH:18
end_of_record
SF:lib\app\widgets\bottom_centered_curved_container.dart
DA:9,0
DA:11,0
DA:13,0
DA:14,0
DA:16,0
DA:17,0
DA:18,0
DA:27,0
LF:8
LH:0
end_of_record
SF:lib\app\widgets\primary_title_card.dart
DA:8,2
DA:10,0
DA:12,0
DA:14,0
LF:4
LH:1
end_of_record
SF:lib\app\widgets\stacked_road_background_image.dart
DA:9,1
DA:11,0
DA:13,0
DA:14,0
DA:16,0
DA:17,0
DA:18,0
DA:19,0
DA:20,0
DA:21,0
DA:24,0
DA:25,0
LF:12
LH:1
end_of_record
SF:lib\app\utils\dimensions.dart
DA:4,1
DA:5,3
DA:6,2
DA:9,1
DA:10,3
DA:11,2
DA:14,0
DA:15,0
DA:16,0
LF:9
LH:6
end_of_record
SF:lib\app\widgets\auth_widgets\verification_code_field.dart
DA:14,0
DA:15,0
DA:17,0
DA:19,0
DA:20,0
DA:24,0
DA:25,0
DA:26,0
DA:27,0
DA:28,0
DA:29,0
DA:32,0
DA:34,0
DA:37,0
DA:42,0
DA:44,0
DA:46,0
LF:17
LH:0
end_of_record
SF:lib\app\widgets\registration_widgets\registration_action_button.dart
DA:13,2
DA:15,1
DA:17,1
DA:19,1
DA:21,1
DA:22,2
DA:23,1
DA:24,2
DA:27,2
DA:28,1
DA:29,1
DA:32,1
DA:33,1
DA:34,1
DA:35,0
DA:36,1
DA:37,0
DA:39,1
DA:43,1
DA:44,0
DA:45,1
DA:46,1
DA:48,1
LF:23
LH:20
end_of_record
SF:lib\app\modules\email_verification\views\email_verification_view.dart
DA:19,1
DA:21,0
DA:23,0
DA:24,0
DA:25,0
DA:26,0
DA:27,0
DA:28,0
DA:29,0
DA:30,0
DA:32,0
DA:34,0
DA:37,0
DA:44,0
DA:46,0
DA:47,0
DA:50,0
DA:51,0
DA:52,0
DA:53,0
DA:56,0
DA:57,0
DA:59,0
DA:73,1
DA:75,0
DA:77,0
DA:79,0
DA:80,0
DA:81,0
DA:85,0
DA:88,0
LF:31
LH:2
end_of_record
SF:lib\app\services\auth_api.dart
DA:10,0
DA:11,0
DA:12,0
DA:14,0
DA:19,0
DA:20,0
DA:24,0
DA:25,0
DA:26,0
DA:27,0
DA:29,0
DA:31,0
DA:32,0
DA:36,1
DA:37,2
DA:38,2
DA:39,2
DA:40,2
DA:43,0
LF:19
LH:5
end_of_record
SF:lib\app\services\get_current_location.dart
DA:9,0
DA:10,0
DA:12,0
DA:13,0
DA:16,0
DA:20,0
DA:21,0
DA:22,0
DA:23,0
DA:24,0
DA:26,0
DA:27,0
DA:32,0
DA:33,0
DA:34,0
DA:35,0
DA:36,0
DA:39,0
DA:44,0
DA:45,0
DA:46,0
DA:47,0
DA:48,0
DA:49,0
DA:50,0
DA:51,0
DA:54,0
DA:55,0
DA:56,0
LF:29
LH:0
end_of_record
SF:lib\app\modules\registration\views\terms_and_policy_view.dart
DA:15,0
DA:17,0
DA:18,0
DA:25,0
DA:26,0
DA:27,0
DA:29,0
DA:31,0
DA:34,0
DA:36,0
DA:37,0
DA:38,0
DA:39,0
DA:41,0
DA:43,0
DA:45,0
DA:46,0
DA:47,0
DA:48,0
DA:50,0
DA:53,0
DA:55,0
LF:22
LH:0
end_of_record
SF:lib\app\widgets\country_picker_dialog.dart
DA:17,2
DA:19,1
DA:21,1
DA:23,1
DA:24,1
DA:26,1
DA:27,1
DA:28,1
DA:29,1
DA:34,1
DA:37,1
DA:38,1
DA:42,1
DA:43,0
DA:48,1
DA:49,2
DA:50,1
DA:64,2
DA:68,1
DA:69,2
DA:70,1
DA:74,1
DA:76,2
DA:77,1
DA:80,2
DA:81,1
DA:82,2
DA:83,1
DA:84,0
DA:85,1
DA:87,1
DA:88,8
DA:89,2
LF:33
LH:31
end_of_record
SF:lib\app\utils\snackbar_utils.dart
DA:5,0
DA:6,0
DA:13,0
DA:15,0
DA:17,0
DA:18,0
DA:20,0
DA:24,0
DA:26,0
DA:28,0
DA:35,0
DA:36,0
DA:37,0
DA:38,0
DA:39,0
DA:51,0
DA:52,0
DA:53,0
DA:54,0
DA:61,0
DA:62,0
DA:70,0
LF:22
LH:0
end_of_record
SF:lib\app\widgets\registration_widgets\curved_white_container.dart
DA:9,2
DA:11,1
DA:13,1
DA:16,1
DA:17,1
DA:19,1
DA:21,1
DA:22,1
DA:30,1
LF:9
LH:9
end_of_record
SF:lib\app\widgets\registration_widgets\policy_and_terms_button.dart
DA:14,1
DA:22,1
DA:24,1
DA:26,1
DA:27,1
DA:28,1
DA:30,1
DA:32,1
DA:33,1
DA:34,1
DA:37,1
DA:38,1
DA:39,1
DA:40,1
DA:46,1
DA:47,1
DA:48,2
DA:49,1
LF:18
LH:18
end_of_record
SF:lib\app\widgets\registration_widgets\registration_text_field.dart
DA:16,1
DA:25,1
DA:27,1
DA:28,1
DA:34,1
DA:36,1
DA:37,2
DA:40,0
DA:42,0
DA:43,0
DA:44,0
DA:45,0
DA:46,0
DA:47,0
DA:52,1
DA:54,2
DA:55,1
DA:59,1
DA:61,1
DA:65,1
DA:68,1
DA:69,1
DA:73,1
DA:74,2
DA:77,2
DA:79,2
DA:80,1
DA:81,2
DA:82,2
DA:83,1
DA:85,2
DA:86,2
DA:90,3
DA:97,2
DA:98,2
LF:35
LH:28
end_of_record
SF:lib\app\widgets\auth_widgets\custom_prefix_icon.dart
DA:7,2
DA:9,1
DA:11,1
DA:13,1
DA:14,1
DA:15,1
LF:6
LH:6
end_of_record
SF:lib\app\widgets\registration_widgets\gradient_container.dart
DA:7,1
DA:9,1
DA:11,1
DA:12,1
DA:13,1
DA:14,1
DA:15,2
DA:16,1
DA:17,1
DA:18,1
DA:19,1
DA:20,1
LF:12
LH:12
end_of_record
SF:lib\app\widgets\registration_widgets\mobile_number_text_field.dart
DA:11,1
DA:13,0
DA:15,1
DA:17,3
DA:18,1
DA:21,1
DA:24,1
DA:25,1
DA:29,1
DA:30,1
DA:31,2
DA:35,1
DA:36,2
DA:37,2
DA:38,1
DA:53,2
LF:16
LH:15
end_of_record
SF:lib\app\utils\loading_indicators.dart
DA:5,0
DA:6,0
DA:8,0
DA:11,0
DA:12,0
DA:13,0
DA:18,0
DA:19,0
DA:20,0
LF:9
LH:0
end_of_record
SF:lib\app\utils\no_result_found_card.dart
DA:9,1
DA:11,0
DA:13,0
DA:16,0
DA:17,0
DA:18,0
DA:19,0
LF:7
LH:1
end_of_record
SF:lib\app\widgets\registration_widgets\mobile_number_icon.dart
DA:12,1
DA:14,1
DA:16,3
DA:17,1
DA:20,1
DA:22,1
DA:23,1
DA:25,1
DA:28,2
DA:30,3
DA:31,1
DA:33,1
DA:34,1
DA:35,1
DA:36,2
DA:37,4
DA:38,2
DA:41,1
DA:43,1
DA:46,1
DA:49,1
DA:61,0
DA:63,0
DA:65,0
DA:66,0
DA:68,0
DA:74,0
DA:76,0
DA:77,0
DA:78,0
DA:79,0
DA:80,0
DA:81,0
DA:84,0
DA:86,0
DA:89,0
DA:92,0
DA:97,0
DA:98,0
DA:99,0
DA:100,0
DA:101,0
DA:103,0
DA:104,0
DA:106,0
DA:108,0
DA:109,0
DA:113,0
DA:114,0
LF:49
LH:21
end_of_record
